2020-07-18 21:21:18.417  INFO 18056 --- [main] c.r.f.FlightreservationApplication       : Starting FlightreservationApplication on DESKTOP-CATFJU2 with PID 18056 (C:\Users\mhmdz\Documents\Projects\Spring\flightreservation\target\classes started by mhmdz in C:\Users\mhmdz\Documents\Projects\Spring\flightreservation)
2020-07-18 21:21:18.422  INFO 18056 --- [main] c.r.f.FlightreservationApplication       : No active profile set, falling back to default profiles: default
2020-07-18 21:21:20.049  INFO 18056 --- [main] .s.d.r.c.RepositoryConfigurationDelegate : Bootstrapping Spring Data JPA repositories in DEFERRED mode.
2020-07-18 21:21:20.240  INFO 18056 --- [main] .s.d.r.c.RepositoryConfigurationDelegate : Finished Spring Data repository scanning in 158ms. Found 4 JPA repository interfaces.
2020-07-18 21:21:21.867  INFO 18056 --- [main] o.s.b.w.embedded.tomcat.TomcatWebServer  : Tomcat initialized with port(s): 8080 (http)
2020-07-18 21:21:21.924  INFO 18056 --- [main] o.apache.catalina.core.StandardService   : Starting service [Tomcat]
2020-07-18 21:21:21.926  INFO 18056 --- [main] org.apache.catalina.core.StandardEngine  : Starting Servlet engine: [Apache Tomcat/9.0.36]
2020-07-18 21:21:22.939  INFO 18056 --- [main] org.apache.jasper.servlet.TldScanner     : At least one JAR was scanned for TLDs yet contained no TLDs. Enable debug logging for this logger for a complete list of JARs that were scanned but no TLDs were found in them. Skipping unneeded JARs during scanning can improve startup time and JSP compilation time.
2020-07-18 21:21:22.979  INFO 18056 --- [main] o.a.c.c.C.[.[.[/flightreservation]       : Initializing Spring embedded WebApplicationContext
2020-07-18 21:21:22.980  INFO 18056 --- [main] w.s.c.ServletWebServerApplicationContext : Root WebApplicationContext: initialization completed in 4465 ms
2020-07-18 21:21:24.319  INFO 18056 --- [main] o.s.s.concurrent.ThreadPoolTaskExecutor  : Initializing ExecutorService 'applicationTaskExecutor'
2020-07-18 21:21:24.341  INFO 18056 --- [main] com.zaxxer.hikari.HikariDataSource       : HikariPool-1 - Starting...
2020-07-18 21:21:26.002  INFO 18056 --- [main] com.zaxxer.hikari.HikariDataSource       : HikariPool-1 - Start completed.
2020-07-18 21:21:26.079  INFO 18056 --- [task-1] o.hibernate.jpa.internal.util.LogHelper  : HHH000204: Processing PersistenceUnitInfo [name: default]
2020-07-18 21:21:26.190  INFO 18056 --- [task-1] org.hibernate.Version                    : HHH000412: Hibernate ORM core version 5.4.17.Final
2020-07-18 21:21:26.205  WARN 18056 --- [main] JpaBaseConfiguration$JpaWebConfiguration : spring.jpa.open-in-view is enabled by default. Therefore, database queries may be performed during view rendering. Explicitly configure spring.jpa.open-in-view to disable this warning
2020-07-18 21:21:26.696  INFO 18056 --- [task-1] o.hibernate.annotations.common.Version   : HCANN000001: Hibernate Commons Annotations {5.1.0.Final}
2020-07-18 21:21:26.746  INFO 18056 --- [main] o.s.b.a.w.s.WelcomePageHandlerMapping    : Adding welcome page: class path resource [static/index.html]
2020-07-18 21:21:26.989  INFO 18056 --- [task-1] org.hibernate.dialect.Dialect            : HHH000400: Using dialect: org.hibernate.dialect.MySQL8Dialect
2020-07-18 21:21:27.041  INFO 18056 --- [main] o.s.b.w.embedded.tomcat.TomcatWebServer  : Tomcat started on port(s): 8080 (http) with context path '/flightreservation'
2020-07-18 21:21:27.046  INFO 18056 --- [main] DeferredRepositoryInitializationListener : Triggering deferred initialization of Spring Data repositories…
2020-07-18 21:21:28.279  INFO 18056 --- [task-1] o.h.e.t.j.p.i.JtaPlatformInitiator       : HHH000490: Using JtaPlatform implementation: [org.hibernate.engine.transaction.jta.platform.internal.NoJtaPlatform]
2020-07-18 21:21:28.294  INFO 18056 --- [task-1] j.LocalContainerEntityManagerFactoryBean : Initialized JPA EntityManagerFactory for persistence unit 'default'
2020-07-18 21:21:29.130  INFO 18056 --- [main] DeferredRepositoryInitializationListener : Spring Data repositories initialized!
2020-07-18 21:21:29.145  INFO 18056 --- [main] c.r.f.FlightreservationApplication       : Started FlightreservationApplication in 12.04 seconds (JVM running for 16.358)
2020-07-18 21:21:29.149  INFO 18056 --- [main] c.r.f.FlightreservationApplication       : ----------------------------------------------------------------------------------------------------------
2020-07-18 21:21:29.151  INFO 18056 --- [main] c.r.f.FlightreservationApplication       : ----------------------------------------------------------------------------------------------------------
2020-07-18 21:21:29.151  INFO 18056 --- [main] c.r.f.FlightreservationApplication       : Flight Reservation Application Up and Running
2020-07-18 21:21:29.151  INFO 18056 --- [main] c.r.f.FlightreservationApplication       : ----------------------------------------------------------------------------------------------------------
2020-07-18 21:21:29.151  INFO 18056 --- [main] c.r.f.FlightreservationApplication       : ----------------------------------------------------------------------------------------------------------
2020-07-18 21:22:58.818  INFO 17616 --- [main] c.r.f.FlightreservationApplication       : Starting FlightreservationApplication on DESKTOP-CATFJU2 with PID 17616 (C:\Users\mhmdz\Documents\Projects\Spring\flightreservation\target\classes started by mhmdz in C:\Users\mhmdz\Documents\Projects\Spring\flightreservation)
2020-07-18 21:22:58.831  INFO 17616 --- [main] c.r.f.FlightreservationApplication       : No active profile set, falling back to default profiles: default
2020-07-18 21:23:01.042  INFO 17616 --- [main] .s.d.r.c.RepositoryConfigurationDelegate : Bootstrapping Spring Data JPA repositories in DEFERRED mode.
2020-07-18 21:23:01.172  INFO 17616 --- [main] .s.d.r.c.RepositoryConfigurationDelegate : Finished Spring Data repository scanning in 116ms. Found 4 JPA repository interfaces.
2020-07-18 21:23:02.114  INFO 17616 --- [main] o.s.b.w.embedded.tomcat.TomcatWebServer  : Tomcat initialized with port(s): 8080 (http)
2020-07-18 21:23:02.127  INFO 17616 --- [main] o.apache.catalina.core.StandardService   : Starting service [Tomcat]
2020-07-18 21:23:02.128  INFO 17616 --- [main] org.apache.catalina.core.StandardEngine  : Starting Servlet engine: [Apache Tomcat/9.0.36]
2020-07-18 21:23:02.783  INFO 17616 --- [main] org.apache.jasper.servlet.TldScanner     : At least one JAR was scanned for TLDs yet contained no TLDs. Enable debug logging for this logger for a complete list of JARs that were scanned but no TLDs were found in them. Skipping unneeded JARs during scanning can improve startup time and JSP compilation time.
2020-07-18 21:23:02.792  INFO 17616 --- [main] o.a.c.c.C.[.[.[/flightreservation]       : Initializing Spring embedded WebApplicationContext
2020-07-18 21:23:02.792  INFO 17616 --- [main] w.s.c.ServletWebServerApplicationContext : Root WebApplicationContext: initialization completed in 3769 ms
2020-07-18 21:23:03.120  INFO 17616 --- [main] o.s.s.concurrent.ThreadPoolTaskExecutor  : Initializing ExecutorService 'applicationTaskExecutor'
2020-07-18 21:23:03.133  INFO 17616 --- [main] com.zaxxer.hikari.HikariDataSource       : HikariPool-1 - Starting...
2020-07-18 21:23:04.355  INFO 17616 --- [main] com.zaxxer.hikari.HikariDataSource       : HikariPool-1 - Start completed.
2020-07-18 21:23:04.452  INFO 17616 --- [task-1] o.hibernate.jpa.internal.util.LogHelper  : HHH000204: Processing PersistenceUnitInfo [name: default]
2020-07-18 21:23:04.602  INFO 17616 --- [task-1] org.hibernate.Version                    : HHH000412: Hibernate ORM core version 5.4.17.Final
2020-07-18 21:23:04.638  WARN 17616 --- [main] JpaBaseConfiguration$JpaWebConfiguration : spring.jpa.open-in-view is enabled by default. Therefore, database queries may be performed during view rendering. Explicitly configure spring.jpa.open-in-view to disable this warning
2020-07-18 21:23:05.122  INFO 17616 --- [task-1] o.hibernate.annotations.common.Version   : HCANN000001: Hibernate Commons Annotations {5.1.0.Final}
2020-07-18 21:23:05.226  INFO 17616 --- [main] o.s.b.a.w.s.WelcomePageHandlerMapping    : Adding welcome page: class path resource [static/index.html]
2020-07-18 21:23:05.546  INFO 17616 --- [task-1] org.hibernate.dialect.Dialect            : HHH000400: Using dialect: org.hibernate.dialect.MySQL8Dialect
2020-07-18 21:23:05.664  INFO 17616 --- [main] o.s.b.w.embedded.tomcat.TomcatWebServer  : Tomcat started on port(s): 8080 (http) with context path '/flightreservation'
2020-07-18 21:23:05.669  INFO 17616 --- [main] DeferredRepositoryInitializationListener : Triggering deferred initialization of Spring Data repositories…
2020-07-18 21:23:06.727  INFO 17616 --- [task-1] o.h.e.t.j.p.i.JtaPlatformInitiator       : HHH000490: Using JtaPlatform implementation: [org.hibernate.engine.transaction.jta.platform.internal.NoJtaPlatform]
2020-07-18 21:23:06.742  INFO 17616 --- [task-1] j.LocalContainerEntityManagerFactoryBean : Initialized JPA EntityManagerFactory for persistence unit 'default'
2020-07-18 21:23:07.397  INFO 17616 --- [main] DeferredRepositoryInitializationListener : Spring Data repositories initialized!
2020-07-18 21:23:07.412  INFO 17616 --- [main] c.r.f.FlightreservationApplication       : Started FlightreservationApplication in 9.81 seconds (JVM running for 11.789)
2020-07-18 21:23:07.416  INFO 17616 --- [main] c.r.f.FlightreservationApplication       : ----------------------------------------------------------------------------------------------------------
2020-07-18 21:23:07.417  INFO 17616 --- [main] c.r.f.FlightreservationApplication       : ----------------------------------------------------------------------------------------------------------
2020-07-18 21:23:07.417  INFO 17616 --- [main] c.r.f.FlightreservationApplication       : Flight Reservation Application Up and Running
2020-07-18 21:23:07.417  INFO 17616 --- [main] c.r.f.FlightreservationApplication       : ----------------------------------------------------------------------------------------------------------
2020-07-18 21:23:07.417  INFO 17616 --- [main] c.r.f.FlightreservationApplication       : ----------------------------------------------------------------------------------------------------------
2020-07-18 21:23:44.376  INFO 17500 --- [main] c.r.f.FlightreservationApplication       : Starting FlightreservationApplication on DESKTOP-CATFJU2 with PID 17500 (C:\Users\mhmdz\Documents\Projects\Spring\flightreservation\target\classes started by mhmdz in C:\Users\mhmdz\Documents\Projects\Spring\flightreservation)
2020-07-18 21:23:44.382  INFO 17500 --- [main] c.r.f.FlightreservationApplication       : No active profile set, falling back to default profiles: default
2020-07-18 21:23:46.638  INFO 17500 --- [main] .s.d.r.c.RepositoryConfigurationDelegate : Bootstrapping Spring Data JPA repositories in DEFERRED mode.
2020-07-18 21:23:46.774  INFO 17500 --- [main] .s.d.r.c.RepositoryConfigurationDelegate : Finished Spring Data repository scanning in 120ms. Found 4 JPA repository interfaces.
2020-07-18 21:23:47.707  INFO 17500 --- [main] o.s.b.w.embedded.tomcat.TomcatWebServer  : Tomcat initialized with port(s): 8080 (http)
2020-07-18 21:23:47.721  INFO 17500 --- [main] o.apache.catalina.core.StandardService   : Starting service [Tomcat]
2020-07-18 21:23:47.722  INFO 17500 --- [main] org.apache.catalina.core.StandardEngine  : Starting Servlet engine: [Apache Tomcat/9.0.36]
2020-07-18 21:23:48.428  INFO 17500 --- [main] org.apache.jasper.servlet.TldScanner     : At least one JAR was scanned for TLDs yet contained no TLDs. Enable debug logging for this logger for a complete list of JARs that were scanned but no TLDs were found in them. Skipping unneeded JARs during scanning can improve startup time and JSP compilation time.
2020-07-18 21:23:48.435  INFO 17500 --- [main] o.a.c.c.C.[.[.[/flightreservation]       : Initializing Spring embedded WebApplicationContext
2020-07-18 21:23:48.435  INFO 17500 --- [main] w.s.c.ServletWebServerApplicationContext : Root WebApplicationContext: initialization completed in 3958 ms
2020-07-18 21:23:48.716  INFO 17500 --- [main] o.s.s.concurrent.ThreadPoolTaskExecutor  : Initializing ExecutorService 'applicationTaskExecutor'
2020-07-18 21:23:48.730  INFO 17500 --- [main] com.zaxxer.hikari.HikariDataSource       : HikariPool-1 - Starting...
2020-07-18 21:23:49.717  INFO 17500 --- [main] com.zaxxer.hikari.HikariDataSource       : HikariPool-1 - Start completed.
2020-07-18 21:23:49.798  INFO 17500 --- [task-1] o.hibernate.jpa.internal.util.LogHelper  : HHH000204: Processing PersistenceUnitInfo [name: default]
2020-07-18 21:23:49.942  INFO 17500 --- [task-1] org.hibernate.Version                    : HHH000412: Hibernate ORM core version 5.4.17.Final
2020-07-18 21:23:49.945  WARN 17500 --- [main] JpaBaseConfiguration$JpaWebConfiguration : spring.jpa.open-in-view is enabled by default. Therefore, database queries may be performed during view rendering. Explicitly configure spring.jpa.open-in-view to disable this warning
2020-07-18 21:23:50.237  INFO 17500 --- [task-1] o.hibernate.annotations.common.Version   : HCANN000001: Hibernate Commons Annotations {5.1.0.Final}
2020-07-18 21:23:50.332  INFO 17500 --- [main] o.s.b.a.w.s.WelcomePageHandlerMapping    : Adding welcome page: class path resource [static/index.html]
2020-07-18 21:23:50.610  INFO 17500 --- [task-1] org.hibernate.dialect.Dialect            : HHH000400: Using dialect: org.hibernate.dialect.MySQL8Dialect
2020-07-18 21:23:50.748  INFO 17500 --- [main] o.s.b.w.embedded.tomcat.TomcatWebServer  : Tomcat started on port(s): 8080 (http) with context path '/flightreservation'
2020-07-18 21:23:50.765  INFO 17500 --- [main] DeferredRepositoryInitializationListener : Triggering deferred initialization of Spring Data repositories…
2020-07-18 21:23:52.000  INFO 17500 --- [task-1] o.h.e.t.j.p.i.JtaPlatformInitiator       : HHH000490: Using JtaPlatform implementation: [org.hibernate.engine.transaction.jta.platform.internal.NoJtaPlatform]
2020-07-18 21:23:52.015  INFO 17500 --- [task-1] j.LocalContainerEntityManagerFactoryBean : Initialized JPA EntityManagerFactory for persistence unit 'default'
2020-07-18 21:23:52.689  INFO 17500 --- [main] DeferredRepositoryInitializationListener : Spring Data repositories initialized!
2020-07-18 21:23:52.705  INFO 17500 --- [main] c.r.f.FlightreservationApplication       : Started FlightreservationApplication in 9.567 seconds (JVM running for 11.451)
2020-07-18 21:23:52.708  INFO 17500 --- [main] c.r.f.FlightreservationApplication       : ----------------------------------------------------------------------------------------------------------
2020-07-18 21:23:52.709  INFO 17500 --- [main] c.r.f.FlightreservationApplication       : ----------------------------------------------------------------------------------------------------------
2020-07-18 21:23:52.709  INFO 17500 --- [main] c.r.f.FlightreservationApplication       : Flight Reservation Application Up and Running
2020-07-18 21:23:52.709  INFO 17500 --- [main] c.r.f.FlightreservationApplication       : ----------------------------------------------------------------------------------------------------------
2020-07-18 21:23:52.709  INFO 17500 --- [main] c.r.f.FlightreservationApplication       : ----------------------------------------------------------------------------------------------------------
2020-07-18 21:24:20.991  INFO 14232 --- [main] c.r.f.FlightreservationApplication       : Starting FlightreservationApplication on DESKTOP-CATFJU2 with PID 14232 (C:\Users\mhmdz\Documents\Projects\Spring\flightreservation\target\classes started by mhmdz in C:\Users\mhmdz\Documents\Projects\Spring\flightreservation)
2020-07-18 21:24:20.999  INFO 14232 --- [main] c.r.f.FlightreservationApplication       : No active profile set, falling back to default profiles: default
2020-07-18 21:24:23.689  INFO 14232 --- [main] .s.d.r.c.RepositoryConfigurationDelegate : Bootstrapping Spring Data JPA repositories in DEFERRED mode.
2020-07-18 21:24:23.841  INFO 14232 --- [main] .s.d.r.c.RepositoryConfigurationDelegate : Finished Spring Data repository scanning in 135ms. Found 4 JPA repository interfaces.
2020-07-18 21:24:24.992  INFO 14232 --- [main] o.s.b.w.embedded.tomcat.TomcatWebServer  : Tomcat initialized with port(s): 8080 (http)
2020-07-18 21:24:25.023  INFO 14232 --- [main] o.apache.catalina.core.StandardService   : Starting service [Tomcat]
2020-07-18 21:24:25.027  INFO 14232 --- [main] org.apache.catalina.core.StandardEngine  : Starting Servlet engine: [Apache Tomcat/9.0.36]
2020-07-18 21:24:25.873  INFO 14232 --- [main] org.apache.jasper.servlet.TldScanner     : At least one JAR was scanned for TLDs yet contained no TLDs. Enable debug logging for this logger for a complete list of JARs that were scanned but no TLDs were found in them. Skipping unneeded JARs during scanning can improve startup time and JSP compilation time.
2020-07-18 21:24:25.882  INFO 14232 --- [main] o.a.c.c.C.[.[.[/flightreservation]       : Initializing Spring embedded WebApplicationContext
2020-07-18 21:24:25.882  INFO 14232 --- [main] w.s.c.ServletWebServerApplicationContext : Root WebApplicationContext: initialization completed in 4540 ms
2020-07-18 21:24:26.202  INFO 14232 --- [main] o.s.s.concurrent.ThreadPoolTaskExecutor  : Initializing ExecutorService 'applicationTaskExecutor'
2020-07-18 21:24:26.217  INFO 14232 --- [main] com.zaxxer.hikari.HikariDataSource       : HikariPool-1 - Starting...
2020-07-18 21:24:27.412  INFO 14232 --- [main] com.zaxxer.hikari.HikariDataSource       : HikariPool-1 - Start completed.
2020-07-18 21:24:27.504  INFO 14232 --- [task-1] o.hibernate.jpa.internal.util.LogHelper  : HHH000204: Processing PersistenceUnitInfo [name: default]
2020-07-18 21:24:27.670  INFO 14232 --- [task-1] org.hibernate.Version                    : HHH000412: Hibernate ORM core version 5.4.17.Final
2020-07-18 21:24:27.702  WARN 14232 --- [main] JpaBaseConfiguration$JpaWebConfiguration : spring.jpa.open-in-view is enabled by default. Therefore, database queries may be performed during view rendering. Explicitly configure spring.jpa.open-in-view to disable this warning
2020-07-18 21:24:28.047  INFO 14232 --- [task-1] o.hibernate.annotations.common.Version   : HCANN000001: Hibernate Commons Annotations {5.1.0.Final}
2020-07-18 21:24:28.172  INFO 14232 --- [main] o.s.b.a.w.s.WelcomePageHandlerMapping    : Adding welcome page: class path resource [static/index.html]
2020-07-18 21:24:28.312  INFO 14232 --- [task-1] org.hibernate.dialect.Dialect            : HHH000400: Using dialect: org.hibernate.dialect.MySQL8Dialect
2020-07-18 21:24:28.455  INFO 14232 --- [main] o.s.b.w.embedded.tomcat.TomcatWebServer  : Tomcat started on port(s): 8080 (http) with context path '/flightreservation'
2020-07-18 21:24:28.460  INFO 14232 --- [main] DeferredRepositoryInitializationListener : Triggering deferred initialization of Spring Data repositories…
2020-07-18 21:24:29.560  INFO 14232 --- [task-1] o.h.e.t.j.p.i.JtaPlatformInitiator       : HHH000490: Using JtaPlatform implementation: [org.hibernate.engine.transaction.jta.platform.internal.NoJtaPlatform]
2020-07-18 21:24:29.576  INFO 14232 --- [task-1] j.LocalContainerEntityManagerFactoryBean : Initialized JPA EntityManagerFactory for persistence unit 'default'
2020-07-18 21:24:30.320  INFO 14232 --- [main] DeferredRepositoryInitializationListener : Spring Data repositories initialized!
2020-07-18 21:24:30.355  INFO 14232 --- [main] c.r.f.FlightreservationApplication       : Started FlightreservationApplication in 10.535 seconds (JVM running for 12.883)
2020-07-18 21:24:30.361  INFO 14232 --- [main] c.r.f.FlightreservationApplication       : ----------------------------------------------------------------------------------------------------------
2020-07-18 21:24:30.361  INFO 14232 --- [main] c.r.f.FlightreservationApplication       : ----------------------------------------------------------------------------------------------------------
2020-07-18 21:24:30.362  INFO 14232 --- [main] c.r.f.FlightreservationApplication       : Flight Reservation Application Up and Running
2020-07-18 21:24:30.362  INFO 14232 --- [main] c.r.f.FlightreservationApplication       : ----------------------------------------------------------------------------------------------------------
2020-07-18 21:24:30.362  INFO 14232 --- [main] c.r.f.FlightreservationApplication       : ----------------------------------------------------------------------------------------------------------
2020-07-18 21:27:30.398  INFO 4872 --- [main] c.r.f.FlightreservationApplication       : Starting FlightreservationApplication on DESKTOP-CATFJU2 with PID 4872 (C:\Users\mhmdz\Documents\Projects\Spring\flightreservation\target\classes started by mhmdz in C:\Users\mhmdz\Documents\Projects\Spring\flightreservation)
2020-07-18 21:27:30.409  INFO 4872 --- [main] c.r.f.FlightreservationApplication       : No active profile set, falling back to default profiles: default
2020-07-18 21:27:32.597  INFO 4872 --- [main] .s.d.r.c.RepositoryConfigurationDelegate : Bootstrapping Spring Data JPA repositories in DEFERRED mode.
2020-07-18 21:27:32.725  INFO 4872 --- [main] .s.d.r.c.RepositoryConfigurationDelegate : Finished Spring Data repository scanning in 114ms. Found 4 JPA repository interfaces.
2020-07-18 21:27:33.615  INFO 4872 --- [main] o.s.b.w.embedded.tomcat.TomcatWebServer  : Tomcat initialized with port(s): 8080 (http)
2020-07-18 21:27:33.644  INFO 4872 --- [main] o.apache.catalina.core.StandardService   : Starting service [Tomcat]
2020-07-18 21:27:33.645  INFO 4872 --- [main] org.apache.catalina.core.StandardEngine  : Starting Servlet engine: [Apache Tomcat/9.0.36]
2020-07-18 21:27:34.583  INFO 4872 --- [main] org.apache.jasper.servlet.TldScanner     : At least one JAR was scanned for TLDs yet contained no TLDs. Enable debug logging for this logger for a complete list of JARs that were scanned but no TLDs were found in them. Skipping unneeded JARs during scanning can improve startup time and JSP compilation time.
2020-07-18 21:27:34.594  INFO 4872 --- [main] o.a.c.c.C.[.[.[/flightreservation]       : Initializing Spring embedded WebApplicationContext
2020-07-18 21:27:34.594  INFO 4872 --- [main] w.s.c.ServletWebServerApplicationContext : Root WebApplicationContext: initialization completed in 4074 ms
2020-07-18 21:27:34.909  INFO 4872 --- [main] o.s.s.concurrent.ThreadPoolTaskExecutor  : Initializing ExecutorService 'applicationTaskExecutor'
2020-07-18 21:27:34.921  INFO 4872 --- [main] com.zaxxer.hikari.HikariDataSource       : HikariPool-1 - Starting...
2020-07-18 21:27:35.893  INFO 4872 --- [main] com.zaxxer.hikari.HikariDataSource       : HikariPool-1 - Start completed.
2020-07-18 21:27:35.968  INFO 4872 --- [task-1] o.hibernate.jpa.internal.util.LogHelper  : HHH000204: Processing PersistenceUnitInfo [name: default]
2020-07-18 21:27:36.088  INFO 4872 --- [task-1] org.hibernate.Version                    : HHH000412: Hibernate ORM core version 5.4.17.Final
2020-07-18 21:27:36.113  WARN 4872 --- [main] JpaBaseConfiguration$JpaWebConfiguration : spring.jpa.open-in-view is enabled by default. Therefore, database queries may be performed during view rendering. Explicitly configure spring.jpa.open-in-view to disable this warning
2020-07-18 21:27:36.368  INFO 4872 --- [task-1] o.hibernate.annotations.common.Version   : HCANN000001: Hibernate Commons Annotations {5.1.0.Final}
2020-07-18 21:27:36.478  INFO 4872 --- [main] o.s.b.a.w.s.WelcomePageHandlerMapping    : Adding welcome page: class path resource [static/index.html]
2020-07-18 21:27:36.576  INFO 4872 --- [task-1] org.hibernate.dialect.Dialect            : HHH000400: Using dialect: org.hibernate.dialect.MySQL8Dialect
2020-07-18 21:27:36.729  INFO 4872 --- [main] o.s.b.w.embedded.tomcat.TomcatWebServer  : Tomcat started on port(s): 8080 (http) with context path '/flightreservation'
2020-07-18 21:27:36.732  INFO 4872 --- [main] DeferredRepositoryInitializationListener : Triggering deferred initialization of Spring Data repositories…
2020-07-18 21:27:37.612  INFO 4872 --- [task-1] o.h.e.t.j.p.i.JtaPlatformInitiator       : HHH000490: Using JtaPlatform implementation: [org.hibernate.engine.transaction.jta.platform.internal.NoJtaPlatform]
2020-07-18 21:27:37.626  INFO 4872 --- [task-1] j.LocalContainerEntityManagerFactoryBean : Initialized JPA EntityManagerFactory for persistence unit 'default'
2020-07-18 21:27:38.327  INFO 4872 --- [main] DeferredRepositoryInitializationListener : Spring Data repositories initialized!
2020-07-18 21:27:38.341  INFO 4872 --- [main] c.r.f.FlightreservationApplication       : Started FlightreservationApplication in 9.038 seconds (JVM running for 11.358)
2020-07-18 21:27:38.344  INFO 4872 --- [main] c.r.f.FlightreservationApplication       : ----------------------------------------------------------------------------------------------------------
2020-07-18 21:27:38.344  INFO 4872 --- [main] c.r.f.FlightreservationApplication       : ----------------------------------------------------------------------------------------------------------
2020-07-18 21:27:38.345  INFO 4872 --- [main] c.r.f.FlightreservationApplication       : Flight Reservation Application Up and Running
2020-07-18 21:27:38.345  INFO 4872 --- [main] c.r.f.FlightreservationApplication       : ----------------------------------------------------------------------------------------------------------
2020-07-18 21:27:38.345  INFO 4872 --- [main] c.r.f.FlightreservationApplication       : ----------------------------------------------------------------------------------------------------------
2020-07-18 21:29:19.722  INFO 14504 --- [main] c.r.f.FlightreservationApplication       : Starting FlightreservationApplication on DESKTOP-CATFJU2 with PID 14504 (C:\Users\mhmdz\Documents\Projects\Spring\flightreservation\target\classes started by mhmdz in C:\Users\mhmdz\Documents\Projects\Spring\flightreservation)
2020-07-18 21:29:19.730  INFO 14504 --- [main] c.r.f.FlightreservationApplication       : No active profile set, falling back to default profiles: default
2020-07-18 21:29:21.932  INFO 14504 --- [main] .s.d.r.c.RepositoryConfigurationDelegate : Bootstrapping Spring Data JPA repositories in DEFERRED mode.
2020-07-18 21:29:22.058  INFO 14504 --- [main] .s.d.r.c.RepositoryConfigurationDelegate : Finished Spring Data repository scanning in 112ms. Found 4 JPA repository interfaces.
2020-07-18 21:29:22.910  INFO 14504 --- [main] o.s.b.w.embedded.tomcat.TomcatWebServer  : Tomcat initialized with port(s): 8080 (http)
2020-07-18 21:29:22.929  INFO 14504 --- [main] o.apache.catalina.core.StandardService   : Starting service [Tomcat]
2020-07-18 21:29:22.931  INFO 14504 --- [main] org.apache.catalina.core.StandardEngine  : Starting Servlet engine: [Apache Tomcat/9.0.36]
2020-07-18 21:29:23.596  INFO 14504 --- [main] org.apache.jasper.servlet.TldScanner     : At least one JAR was scanned for TLDs yet contained no TLDs. Enable debug logging for this logger for a complete list of JARs that were scanned but no TLDs were found in them. Skipping unneeded JARs during scanning can improve startup time and JSP compilation time.
2020-07-18 21:29:23.605  INFO 14504 --- [main] o.a.c.c.C.[.[.[/flightreservation]       : Initializing Spring embedded WebApplicationContext
2020-07-18 21:29:23.606  INFO 14504 --- [main] w.s.c.ServletWebServerApplicationContext : Root WebApplicationContext: initialization completed in 3684 ms
2020-07-18 21:29:23.956  INFO 14504 --- [main] o.s.s.concurrent.ThreadPoolTaskExecutor  : Initializing ExecutorService 'applicationTaskExecutor'
2020-07-18 21:29:23.968  INFO 14504 --- [main] com.zaxxer.hikari.HikariDataSource       : HikariPool-1 - Starting...
2020-07-18 21:29:25.143  INFO 14504 --- [main] com.zaxxer.hikari.HikariDataSource       : HikariPool-1 - Start completed.
2020-07-18 21:29:25.300  INFO 14504 --- [task-1] o.hibernate.jpa.internal.util.LogHelper  : HHH000204: Processing PersistenceUnitInfo [name: default]
2020-07-18 21:29:25.510  INFO 14504 --- [task-1] org.hibernate.Version                    : HHH000412: Hibernate ORM core version 5.4.17.Final
2020-07-18 21:29:25.540  WARN 14504 --- [main] JpaBaseConfiguration$JpaWebConfiguration : spring.jpa.open-in-view is enabled by default. Therefore, database queries may be performed during view rendering. Explicitly configure spring.jpa.open-in-view to disable this warning
2020-07-18 21:29:25.851  INFO 14504 --- [task-1] o.hibernate.annotations.common.Version   : HCANN000001: Hibernate Commons Annotations {5.1.0.Final}
2020-07-18 21:29:26.066  INFO 14504 --- [main] o.s.b.a.w.s.WelcomePageHandlerMapping    : Adding welcome page: class path resource [static/index.html]
2020-07-18 21:29:26.263  INFO 14504 --- [task-1] org.hibernate.dialect.Dialect            : HHH000400: Using dialect: org.hibernate.dialect.MySQL8Dialect
2020-07-18 21:29:26.475  INFO 14504 --- [main] o.s.b.w.embedded.tomcat.TomcatWebServer  : Tomcat started on port(s): 8080 (http) with context path '/flightreservation'
2020-07-18 21:29:26.481  INFO 14504 --- [main] DeferredRepositoryInitializationListener : Triggering deferred initialization of Spring Data repositories…
2020-07-18 21:29:27.791  INFO 14504 --- [task-1] o.h.e.t.j.p.i.JtaPlatformInitiator       : HHH000490: Using JtaPlatform implementation: [org.hibernate.engine.transaction.jta.platform.internal.NoJtaPlatform]
2020-07-18 21:29:27.806  INFO 14504 --- [task-1] j.LocalContainerEntityManagerFactoryBean : Initialized JPA EntityManagerFactory for persistence unit 'default'
2020-07-18 21:29:28.833  INFO 14504 --- [main] DeferredRepositoryInitializationListener : Spring Data repositories initialized!
2020-07-18 21:29:28.850  INFO 14504 --- [main] c.r.f.FlightreservationApplication       : Started FlightreservationApplication in 10.516 seconds (JVM running for 12.962)
2020-07-18 21:29:28.854  INFO 14504 --- [main] c.r.f.FlightreservationApplication       : ----------------------------------------------------------------------------------------------------------
2020-07-18 21:29:28.855  INFO 14504 --- [main] c.r.f.FlightreservationApplication       : ----------------------------------------------------------------------------------------------------------
2020-07-18 21:29:28.855  INFO 14504 --- [main] c.r.f.FlightreservationApplication       : Flight Reservation Application Up and Running
2020-07-18 21:29:28.856  INFO 14504 --- [main] c.r.f.FlightreservationApplication       : ----------------------------------------------------------------------------------------------------------
2020-07-18 21:29:28.856  INFO 14504 --- [main] c.r.f.FlightreservationApplication       : ----------------------------------------------------------------------------------------------------------
2020-07-18 21:34:30.309  INFO 17580 --- [main] c.r.f.FlightreservationApplication       : Starting FlightreservationApplication on DESKTOP-CATFJU2 with PID 17580 (C:\Users\mhmdz\Documents\Projects\Spring\flightreservation\target\classes started by mhmdz in C:\Users\mhmdz\Documents\Projects\Spring\flightreservation)
2020-07-18 21:34:30.318  INFO 17580 --- [main] c.r.f.FlightreservationApplication       : No active profile set, falling back to default profiles: default
2020-07-18 21:34:32.555  INFO 17580 --- [main] .s.d.r.c.RepositoryConfigurationDelegate : Bootstrapping Spring Data JPA repositories in DEFERRED mode.
2020-07-18 21:34:32.751  INFO 17580 --- [main] .s.d.r.c.RepositoryConfigurationDelegate : Finished Spring Data repository scanning in 175ms. Found 4 JPA repository interfaces.
2020-07-18 21:34:33.794  INFO 17580 --- [main] o.s.b.w.embedded.tomcat.TomcatWebServer  : Tomcat initialized with port(s): 8080 (http)
2020-07-18 21:34:33.809  INFO 17580 --- [main] o.apache.catalina.core.StandardService   : Starting service [Tomcat]
2020-07-18 21:34:33.809  INFO 17580 --- [main] org.apache.catalina.core.StandardEngine  : Starting Servlet engine: [Apache Tomcat/9.0.36]
2020-07-18 21:34:34.545  INFO 17580 --- [main] org.apache.jasper.servlet.TldScanner     : At least one JAR was scanned for TLDs yet contained no TLDs. Enable debug logging for this logger for a complete list of JARs that were scanned but no TLDs were found in them. Skipping unneeded JARs during scanning can improve startup time and JSP compilation time.
2020-07-18 21:34:34.560  INFO 17580 --- [main] o.a.c.c.C.[.[.[/flightreservation]       : Initializing Spring embedded WebApplicationContext
2020-07-18 21:34:34.561  INFO 17580 --- [main] w.s.c.ServletWebServerApplicationContext : Root WebApplicationContext: initialization completed in 4060 ms
2020-07-18 21:34:34.889  INFO 17580 --- [main] o.s.s.concurrent.ThreadPoolTaskExecutor  : Initializing ExecutorService 'applicationTaskExecutor'
2020-07-18 21:34:34.901  INFO 17580 --- [main] com.zaxxer.hikari.HikariDataSource       : HikariPool-1 - Starting...
2020-07-18 21:34:35.917  INFO 17580 --- [main] com.zaxxer.hikari.HikariDataSource       : HikariPool-1 - Start completed.
2020-07-18 21:34:35.997  INFO 17580 --- [task-1] o.hibernate.jpa.internal.util.LogHelper  : HHH000204: Processing PersistenceUnitInfo [name: default]
2020-07-18 21:34:36.162  WARN 17580 --- [main] JpaBaseConfiguration$JpaWebConfiguration : spring.jpa.open-in-view is enabled by default. Therefore, database queries may be performed during view rendering. Explicitly configure spring.jpa.open-in-view to disable this warning
2020-07-18 21:34:36.235  INFO 17580 --- [task-1] org.hibernate.Version                    : HHH000412: Hibernate ORM core version 5.4.17.Final
2020-07-18 21:34:36.713  INFO 17580 --- [task-1] o.hibernate.annotations.common.Version   : HCANN000001: Hibernate Commons Annotations {5.1.0.Final}
2020-07-18 21:34:36.810  INFO 17580 --- [main] o.s.b.a.w.s.WelcomePageHandlerMapping    : Adding welcome page: class path resource [static/index.html]
2020-07-18 21:34:37.093  INFO 17580 --- [task-1] org.hibernate.dialect.Dialect            : HHH000400: Using dialect: org.hibernate.dialect.MySQL8Dialect
2020-07-18 21:34:37.196  INFO 17580 --- [main] o.s.b.w.embedded.tomcat.TomcatWebServer  : Tomcat started on port(s): 8080 (http) with context path '/flightreservation'
2020-07-18 21:34:37.201  INFO 17580 --- [main] DeferredRepositoryInitializationListener : Triggering deferred initialization of Spring Data repositories…
2020-07-18 21:34:38.224  INFO 17580 --- [task-1] o.h.e.t.j.p.i.JtaPlatformInitiator       : HHH000490: Using JtaPlatform implementation: [org.hibernate.engine.transaction.jta.platform.internal.NoJtaPlatform]
2020-07-18 21:34:38.239  INFO 17580 --- [task-1] j.LocalContainerEntityManagerFactoryBean : Initialized JPA EntityManagerFactory for persistence unit 'default'
2020-07-18 21:34:38.954  INFO 17580 --- [main] DeferredRepositoryInitializationListener : Spring Data repositories initialized!
2020-07-18 21:34:38.970  INFO 17580 --- [main] c.r.f.FlightreservationApplication       : Started FlightreservationApplication in 10.032 seconds (JVM running for 12.074)
2020-07-18 21:34:38.973  INFO 17580 --- [main] c.r.f.FlightreservationApplication       : ----------------------------------------------------------------------------------------------------------
2020-07-18 21:34:38.974  INFO 17580 --- [main] c.r.f.FlightreservationApplication       : ----------------------------------------------------------------------------------------------------------
2020-07-18 21:34:38.974  INFO 17580 --- [main] c.r.f.FlightreservationApplication       : Flight Reservation Application Up and Running
2020-07-18 21:34:38.974  INFO 17580 --- [main] c.r.f.FlightreservationApplication       : ----------------------------------------------------------------------------------------------------------
2020-07-18 21:34:38.974  INFO 17580 --- [main] c.r.f.FlightreservationApplication       : ----------------------------------------------------------------------------------------------------------
